\BOOKMARK [0][-]{dummy.1}{\376\377\000A\000c\000k\000n\000o\000w\000l\000e\000d\000g\000e\000m\000e\000n\000t\000s}{}% 1
\BOOKMARK [0][-]{dummy.2}{\376\377\000R\000e\000s\000u\000m\000o}{}% 2
\BOOKMARK [0][-]{dummy.3}{\376\377\000A\000b\000s\000t\000r\000a\000c\000t}{}% 3
\BOOKMARK [0][-]{dummy.4}{\376\377\000T\000a\000b\000l\000e\000\040\000o\000f\000\040\000C\000o\000n\000t\000e\000n\000t\000s}{}% 4
\BOOKMARK [0][-]{dummy.5}{\376\377\000L\000i\000s\000t\000\040\000o\000f\000\040\000F\000i\000g\000u\000r\000e\000s}{}% 5
\BOOKMARK [0][-]{section*.3}{\376\377\000L\000i\000s\000t\000\040\000o\000f\000\040\000A\000b\000b\000r\000e\000v\000i\000a\000t\000i\000o\000n\000s}{}% 6
\BOOKMARK [0][-]{chapter.1}{\376\377\0001\000\040\000I\000n\000t\000r\000o\000d\000u\000c\000t\000i\000o\000n}{}% 7
\BOOKMARK [1][-]{section.1.1}{\376\377\0001\000.\0001\000\040\000A\000i\000m\000s\000\040\000a\000n\000d\000\040\000O\000b\000j\000e\000c\000t\000i\000v\000e\000s}{chapter.1}% 8
\BOOKMARK [0][-]{chapter.2}{\376\377\0002\000\040\000B\000a\000c\000k\000g\000r\000o\000u\000n\000d}{}% 9
\BOOKMARK [1][-]{section.2.1}{\376\377\0002\000.\0001\000\040\000P\000r\000o\000g\000r\000a\000m\000m\000i\000n\000g\000\040\000E\000v\000a\000l\000u\000a\000t\000i\000o\000n\000\040\000S\000y\000s\000t\000e\000m\000s}{chapter.2}% 10
\BOOKMARK [2][-]{subsection.2.1.1}{\376\377\0002\000.\0001\000.\0001\000\040\000M\000o\000o\000s\000h\000a\000k}{section.2.1}% 11
\BOOKMARK [2][-]{subsection.2.1.2}{\376\377\0002\000.\0001\000.\0002\000\040\000C\000i\000s\000c\000o\000\040\000P\000a\000c\000k\000e\000t\000\040\000T\000r\000a\000c\000e\000r}{section.2.1}% 12
\BOOKMARK [1][-]{section.2.2}{\376\377\0002\000.\0002\000\040\000V\000i\000r\000t\000u\000a\000l\000i\000z\000a\000t\000i\000o\000n}{chapter.2}% 13
\BOOKMARK [1][-]{section.2.3}{\376\377\0002\000.\0003\000\040\000G\000N\000S\0003}{chapter.2}% 14
\BOOKMARK [2][-]{subsection.2.3.1}{\376\377\0002\000.\0003\000.\0001\000\040\000A\000r\000c\000h\000i\000t\000e\000c\000t\000u\000r\000e}{section.2.3}% 15
\BOOKMARK [3][-]{subsubsection.2.3.1.1}{\376\377\0002\000.\0003\000.\0001\000.\0001\000\040\000C\000o\000n\000t\000r\000o\000l\000l\000e\000r}{subsection.2.3.1}% 16
\BOOKMARK [3][-]{subsubsection.2.3.1.2}{\376\377\0002\000.\0003\000.\0001\000.\0002\000\040\000C\000o\000m\000p\000u\000t\000e}{subsection.2.3.1}% 17
\BOOKMARK [3][-]{subsubsection.2.3.1.3}{\376\377\0002\000.\0003\000.\0001\000.\0003\000\040\000G\000U\000I}{subsection.2.3.1}% 18
\BOOKMARK [1][-]{section.2.4}{\376\377\0002\000.\0004\000\040\000L\000i\000n\000u\000x}{chapter.2}% 19
\BOOKMARK [1][-]{section.2.5}{\376\377\0002\000.\0005\000\040\000P\000r\000o\000x\000m\000o\000x\000\040\000V\000i\000r\000t\000u\000a\000l\000\040\000E\000n\000v\000i\000r\000o\000n\000m\000e\000n\000t}{chapter.2}% 20
\BOOKMARK [2][-]{subsection.2.5.1}{\376\377\0002\000.\0005\000.\0001\000\040\000V\000i\000r\000t\000u\000a\000l\000i\000z\000a\000t\000i\000o\000n\000\040\000T\000e\000c\000h\000n\000o\000l\000o\000g\000i\000e\000s}{section.2.5}% 21
\BOOKMARK [3][-]{subsubsection.2.5.1.1}{\376\377\0002\000.\0005\000.\0001\000.\0001\000\040\000k\000v\000m}{subsection.2.5.1}% 22
\BOOKMARK [3][-]{subsubsection.2.5.1.2}{\376\377\0002\000.\0005\000.\0001\000.\0002\000\040\000l\000x\000c}{subsection.2.5.1}% 23
\BOOKMARK [1][-]{section.2.6}{\376\377\0002\000.\0006\000\040\000P\000y\000t\000h\000o\000n}{chapter.2}% 24
\BOOKMARK [2][-]{subsection.2.6.1}{\376\377\0002\000.\0006\000.\0001\000\040\000W\000S\000G\000I}{section.2.6}% 25
\BOOKMARK [3][-]{subsubsection.2.6.1.1}{\376\377\0002\000.\0006\000.\0001\000.\0001\000\040\000F\000l\000a\000s\000k}{subsection.2.6.1}% 26
\BOOKMARK [2][-]{subsection.2.6.2}{\376\377\0002\000.\0006\000.\0002\000\040\000C\000e\000l\000e\000r\000y}{section.2.6}% 27
\BOOKMARK [2][-]{subsection.2.6.3}{\376\377\0002\000.\0006\000.\0003\000\040\000A\000s\000y\000n\000c\000i\000o}{section.2.6}% 28
\BOOKMARK [3][-]{subsubsection.2.6.3.1}{\376\377\0002\000.\0006\000.\0003\000.\0001\000\040\000A\000S\000G\000I}{subsection.2.6.3}% 29
\BOOKMARK [3][-]{subsubsection.2.6.3.2}{\376\377\0002\000.\0006\000.\0003\000.\0002\000\040\000F\000a\000s\000t\000A\000P\000I}{subsection.2.6.3}% 30
\BOOKMARK [2][-]{subsection.2.6.4}{\376\377\0002\000.\0006\000.\0004\000\040\000N\000o\000r\000n\000i\000r}{section.2.6}% 31
\BOOKMARK [2][-]{subsection.2.6.5}{\376\377\0002\000.\0006\000.\0005\000\040\000R\000e\000q\000u\000e\000s\000t\000s}{section.2.6}% 32
\BOOKMARK [2][-]{subsection.2.6.6}{\376\377\0002\000.\0006\000.\0006\000\040\000H\000T\000T\000P\000X}{section.2.6}% 33
\BOOKMARK [0][-]{dummy.6}{\376\377\000B\000i\000b\000l\000i\000o\000g\000r\000a\000p\000h\000y}{}% 34
